<?xml version="1.0" encoding="UTF-8"?>
<!-- Generated by org.testng.reporters.JUnitReportReporter -->
<testsuite skipped="0" hostname="Harry-PC" name="testPackage.FailedTestCaseExample" tests="5" failures="0" timestamp="20 Nov 2020 06:50:33 GMT" time="0.015" errors="0">
  <testcase name="myName2" time="0.002" classname="testPackage.FailedTestCaseExample"/>
  <testcase name="myName4" time="0.002" classname="testPackage.FailedTestCaseExample"/>
  <testcase name="myName3" time="0.001" classname="testPackage.FailedTestCaseExample"/>
  <testcase name="myName0" time="0.006" classname="testPackage.FailedTestCaseExample"/>
  <testcase name="myName1" time="0.004" classname="testPackage.FailedTestCaseExample"/>
</testsuite> <!-- testPackage.FailedTestCaseExample -->
