<?xml version="1.0" encoding="UTF-8"?>
<!-- Generated by org.testng.reporters.JUnitReportReporter -->
<testsuite skipped="0" hostname="Harry-PC" name="testPackage.Parameterisedprac" tests="2" failures="0" timestamp="20 Nov 2020 06:22:05 GMT" time="0.013" errors="0">
  <testcase name="student" time="0.011" classname="testPackage.Parameterisedprac"/>
  <testcase name="student" time="0.002" classname="testPackage.Parameterisedprac"/>
</testsuite> <!-- testPackage.Parameterisedprac -->
